{"/Users/globalhitss/Documents/001JUNIOR/ESTUDOS/python /ExportPlus/exportplus-backend/src/app.controller.ts": {"path":"/Users/globalhitss/Documents/001JUNIOR/ESTUDOS/python /ExportPlus/exportplus-backend/src/app.controller.ts","statementMap":{"0":{"start":{"line":1,"column":0},"end":{"line":1,"column":49}},"1":{"start":{"line":2,"column":0},"end":{"line":2,"column":43}},"2":{"start":{"line":5,"column":7},"end":{"line":12,"column":null}},"3":{"start":{"line":6,"column":31},"end":{"line":6,"column":43}},"4":{"start":{"line":10,"column":4},"end":{"line":10,"column":38}},"5":{"start":{"line":5,"column":13},"end":{"line":5,"column":26}},"6":{"start":{"line":9,"column":2},"end":{"line":11,"column":null}},"7":{"start":{"line":5,"column":13},"end":{"line":12,"column":null}}},"fnMap":{"0":{"name":"(anonymous_2)","decl":{"start":{"line":6,"column":2},"end":{"line":6,"column":31}},"loc":{"start":{"line":6,"column":53},"end":{"line":6,"column":57}}},"1":{"name":"(anonymous_3)","decl":{"start":{"line":9,"column":2},"end":{"line":9,"column":10}},"loc":{"start":{"line":9,"column":10},"end":{"line":11,"column":3}}}},"branchMap":{"0":{"loc":{"start":{"line":6,"column":43},"end":{"line":6,"column":56}},"type":"cond-expr","locations":[{"start":{"line":6,"column":53},"end":{"line":6,"column":56}},{"start":{"line":6,"column":53},"end":{"line":6,"column":56}}]},"1":{"loc":{"start":{"line":6,"column":43},"end":{"line":6,"column":53}},"type":"binary-expr","locations":[{"start":{"line":6,"column":43},"end":{"line":6,"column":56}},{"start":{"line":6,"column":43},"end":{"line":6,"column":53}}]}},"s":{"0":1,"1":1,"2":1,"3":1,"4":1,"5":1,"6":1,"7":1},"f":{"0":1,"1":1},"b":{"0":[1,0],"1":[1,1]}}
,"/Users/globalhitss/Documents/001JUNIOR/ESTUDOS/python /ExportPlus/exportplus-backend/src/app.module.ts": {"path":"/Users/globalhitss/Documents/001JUNIOR/ESTUDOS/python /ExportPlus/exportplus-backend/src/app.module.ts","statementMap":{"0":{"start":{"line":1,"column":0},"end":{"line":1,"column":40}},"1":{"start":{"line":2,"column":0},"end":{"line":2,"column":49}},"2":{"start":{"line":3,"column":0},"end":{"line":3,"column":43}},"3":{"start":{"line":4,"column":0},"end":{"line":4,"column":54}},"4":{"start":{"line":5,"column":0},"end":{"line":5,"column":59}},"5":{"start":{"line":12,"column":7},"end":{"line":12,"column":null}},"6":{"start":{"line":12,"column":13},"end":{"line":12,"column":22}},"7":{"start":{"line":12,"column":13},"end":{"line":12,"column":null}}},"fnMap":{},"branchMap":{},"s":{"0":0,"1":0,"2":0,"3":0,"4":0,"5":0,"6":0,"7":0},"f":{},"b":{}}
,"/Users/globalhitss/Documents/001JUNIOR/ESTUDOS/python /ExportPlus/exportplus-backend/src/app.service.ts": {"path":"/Users/globalhitss/Documents/001JUNIOR/ESTUDOS/python /ExportPlus/exportplus-backend/src/app.service.ts","statementMap":{"0":{"start":{"line":1,"column":0},"end":{"line":1,"column":44}},"1":{"start":{"line":4,"column":7},"end":{"line":8,"column":null}},"2":{"start":{"line":6,"column":4},"end":{"line":6,"column":26}},"3":{"start":{"line":4,"column":13},"end":{"line":4,"column":23}},"4":{"start":{"line":4,"column":13},"end":{"line":8,"column":null}}},"fnMap":{"0":{"name":"(anonymous_1)","decl":{"start":{"line":5,"column":2},"end":{"line":5,"column":10}},"loc":{"start":{"line":5,"column":10},"end":{"line":7,"column":3}}}},"branchMap":{},"s":{"0":1,"1":1,"2":1,"3":1,"4":1},"f":{"0":1},"b":{}}
,"/Users/globalhitss/Documents/001JUNIOR/ESTUDOS/python /ExportPlus/exportplus-backend/src/main.ts": {"path":"/Users/globalhitss/Documents/001JUNIOR/ESTUDOS/python /ExportPlus/exportplus-backend/src/main.ts","statementMap":{"0":{"start":{"line":1,"column":0},"end":{"line":1,"column":43}},"1":{"start":{"line":2,"column":0},"end":{"line":2,"column":48}},"2":{"start":{"line":3,"column":0},"end":{"line":3,"column":65}},"3":{"start":{"line":4,"column":0},"end":{"line":4,"column":41}},"4":{"start":{"line":5,"column":0},"end":{"line":5,"column":66}},"5":{"start":{"line":8,"column":14},"end":{"line":8,"column":49}},"6":{"start":{"line":10,"column":2},"end":{"line":16,"column":4}},"7":{"start":{"line":18,"column":2},"end":{"line":18,"column":54}},"8":{"start":{"line":21,"column":17},"end":{"line":26,"column":12}},"9":{"start":{"line":27,"column":19},"end":{"line":27,"column":60}},"10":{"start":{"line":28,"column":2},"end":{"line":28,"column":44}},"11":{"start":{"line":30,"column":2},"end":{"line":30,"column":25}},"12":{"start":{"line":32,"column":0},"end":{"line":32,"column":12}}},"fnMap":{"0":{"name":"bootstrap","decl":{"start":{"line":7,"column":15},"end":{"line":7,"column":24}},"loc":{"start":{"line":7,"column":24},"end":{"line":31,"column":1}}}},"branchMap":{},"s":{"0":0,"1":0,"2":0,"3":0,"4":0,"5":0,"6":0,"7":0,"8":0,"9":0,"10":0,"11":0,"12":0},"f":{"0":0},"b":{}}
,"/Users/globalhitss/Documents/001JUNIOR/ESTUDOS/python /ExportPlus/exportplus-backend/src/common/logging.interceptor.ts": {"path":"/Users/globalhitss/Documents/001JUNIOR/ESTUDOS/python /ExportPlus/exportplus-backend/src/common/logging.interceptor.ts","statementMap":{"0":{"start":{"line":1,"column":0},"end":{"line":1,"column":null}},"1":{"start":{"line":7,"column":2},"end":{"line":7,"column":41}},"2":{"start":{"line":8,"column":2},"end":{"line":8,"column":43}},"3":{"start":{"line":11,"column":9},"end":{"line":26,"column":null}},"4":{"start":{"line":13,"column":18},"end":{"line":13,"column":53}},"5":{"start":{"line":14,"column":36},"end":{"line":14,"column":39}},"6":{"start":{"line":15,"column":20},"end":{"line":15,"column":37}},"7":{"start":{"line":17,"column":6},"end":{"line":24,"column":8}},"8":{"start":{"line":19,"column":23},"end":{"line":19,"column":61}},"9":{"start":{"line":20,"column":10},"end":{"line":20,"column":56}},"10":{"start":{"line":21,"column":10},"end":{"line":21,"column":37}},"11":{"start":{"line":22,"column":10},"end":{"line":22,"column":45}},"12":{"start":{"line":11,"column":15},"end":{"line":11,"column":33}},"13":{"start":{"line":11,"column":15},"end":{"line":26,"column":null}}},"fnMap":{"0":{"name":"(anonymous_1)","decl":{"start":{"line":12,"column":4},"end":{"line":12,"column":13}},"loc":{"start":{"line":12,"column":58},"end":{"line":25,"column":5}}},"1":{"name":"(anonymous_2)","decl":{"start":{"line":18,"column":12},"end":{"line":18,"column":13}},"loc":{"start":{"line":18,"column":25},"end":{"line":23,"column":9}}}},"branchMap":{},"s":{"0":0,"1":0,"2":0,"3":0,"4":0,"5":0,"6":0,"7":0,"8":0,"9":0,"10":0,"11":0,"12":0,"13":0},"f":{"0":0,"1":0},"b":{}}
,"/Users/globalhitss/Documents/001JUNIOR/ESTUDOS/python /ExportPlus/exportplus-backend/src/modules/users/users.module.ts": {"path":"/Users/globalhitss/Documents/001JUNIOR/ESTUDOS/python /ExportPlus/exportplus-backend/src/modules/users/users.module.ts","statementMap":{"0":{"start":{"line":1,"column":0},"end":{"line":1,"column":40}},"1":{"start":{"line":2,"column":0},"end":{"line":2,"column":56}},"2":{"start":{"line":3,"column":0},"end":{"line":3,"column":65}},"3":{"start":{"line":4,"column":0},"end":{"line":4,"column":58}},"4":{"start":{"line":12,"column":7},"end":{"line":12,"column":null}},"5":{"start":{"line":12,"column":13},"end":{"line":12,"column":24}},"6":{"start":{"line":12,"column":13},"end":{"line":12,"column":null}}},"fnMap":{},"branchMap":{},"s":{"0":0,"1":0,"2":0,"3":0,"4":0,"5":0,"6":0},"f":{},"b":{}}
,"/Users/globalhitss/Documents/001JUNIOR/ESTUDOS/python /ExportPlus/exportplus-backend/src/modules/users/controllers/users.controller.ts": {"path":"/Users/globalhitss/Documents/001JUNIOR/ESTUDOS/python /ExportPlus/exportplus-backend/src/modules/users/controllers/users.controller.ts","statementMap":{"0":{"start":{"line":1,"column":0},"end":{"line":1,"column":null}},"1":{"start":{"line":13,"column":0},"end":{"line":13,"column":78}},"2":{"start":{"line":14,"column":0},"end":{"line":14,"column":57}},"3":{"start":{"line":15,"column":0},"end":{"line":15,"column":55}},"4":{"start":{"line":16,"column":0},"end":{"line":16,"column":55}},"5":{"start":{"line":17,"column":0},"end":{"line":17,"column":53}},"6":{"start":{"line":21,"column":7},"end":{"line":108,"column":null}},"7":{"start":{"line":22,"column":31},"end":{"line":22,"column":45}},"8":{"start":{"line":33,"column":4},"end":{"line":33,"column":41}},"9":{"start":{"line":43,"column":4},"end":{"line":43,"column":39}},"10":{"start":{"line":54,"column":4},"end":{"line":54,"column":41}},"11":{"start":{"line":69,"column":4},"end":{"line":69,"column":45}},"12":{"start":{"line":81,"column":4},"end":{"line":81,"column":40}},"13":{"start":{"line":106,"column":4},"end":{"line":106,"column":55}},"14":{"start":{"line":21,"column":13},"end":{"line":21,"column":28}},"15":{"start":{"line":32,"column":8},"end":{"line":34,"column":null}},"16":{"start":{"line":42,"column":8},"end":{"line":44,"column":null}},"17":{"start":{"line":53,"column":8},"end":{"line":55,"column":null}},"18":{"start":{"line":65,"column":8},"end":{"line":70,"column":null}},"19":{"start":{"line":80,"column":8},"end":{"line":82,"column":null}},"20":{"start":{"line":105,"column":8},"end":{"line":107,"column":null}},"21":{"start":{"line":21,"column":13},"end":{"line":108,"column":null}}},"fnMap":{"0":{"name":"(anonymous_4)","decl":{"start":{"line":22,"column":2},"end":{"line":22,"column":31}},"loc":{"start":{"line":22,"column":57},"end":{"line":22,"column":61}}},"1":{"name":"(anonymous_5)","decl":{"start":{"line":32,"column":8},"end":{"line":32,"column":14}},"loc":{"start":{"line":32,"column":41},"end":{"line":34,"column":3}}},"2":{"name":"(anonymous_6)","decl":{"start":{"line":42,"column":8},"end":{"line":42,"column":15}},"loc":{"start":{"line":42,"column":15},"end":{"line":44,"column":3}}},"3":{"name":"(anonymous_7)","decl":{"start":{"line":53,"column":8},"end":{"line":53,"column":15}},"loc":{"start":{"line":53,"column":39},"end":{"line":55,"column":3}}},"4":{"name":"(anonymous_8)","decl":{"start":{"line":65,"column":8},"end":{"line":65,"column":14}},"loc":{"start":{"line":67,"column":30},"end":{"line":70,"column":3}}},"5":{"name":"(anonymous_9)","decl":{"start":{"line":80,"column":8},"end":{"line":80,"column":14}},"loc":{"start":{"line":80,"column":38},"end":{"line":82,"column":3}}},"6":{"name":"(anonymous_10)","decl":{"start":{"line":105,"column":8},"end":{"line":105,"column":18}},"loc":{"start":{"line":105,"column":65},"end":{"line":107,"column":3}}}},"branchMap":{"0":{"loc":{"start":{"line":32,"column":28},"end":{"line":32,"column":44}},"type":"cond-expr","locations":[{"start":{"line":32,"column":41},"end":{"line":32,"column":44}},{"start":{"line":32,"column":41},"end":{"line":32,"column":44}}]},"1":{"loc":{"start":{"line":32,"column":28},"end":{"line":32,"column":41}},"type":"binary-expr","locations":[{"start":{"line":32,"column":28},"end":{"line":32,"column":44}},{"start":{"line":32,"column":28},"end":{"line":32,"column":41}}]},"2":{"loc":{"start":{"line":32,"column":44},"end":{"line":32,"column":null}},"type":"cond-expr","locations":[{"start":{"line":32,"column":51},"end":{"line":32,"column":null}},{"start":{"line":32,"column":51},"end":{"line":32,"column":null}}]},"3":{"loc":{"start":{"line":32,"column":44},"end":{"line":32,"column":51}},"type":"binary-expr","locations":[{"start":{"line":32,"column":44},"end":{"line":32,"column":null}},{"start":{"line":32,"column":44},"end":{"line":32,"column":51}}]},"4":{"loc":{"start":{"line":42,"column":19},"end":{"line":42,"column":null}},"type":"cond-expr","locations":[{"start":{"line":42,"column":26},"end":{"line":42,"column":null}},{"start":{"line":42,"column":26},"end":{"line":42,"column":null}}]},"5":{"loc":{"start":{"line":42,"column":19},"end":{"line":42,"column":26}},"type":"binary-expr","locations":[{"start":{"line":42,"column":19},"end":{"line":42,"column":null}},{"start":{"line":42,"column":19},"end":{"line":42,"column":26}}]},"6":{"loc":{"start":{"line":53,"column":42},"end":{"line":53,"column":null}},"type":"cond-expr","locations":[{"start":{"line":53,"column":49},"end":{"line":53,"column":null}},{"start":{"line":53,"column":49},"end":{"line":53,"column":null}}]},"7":{"loc":{"start":{"line":53,"column":42},"end":{"line":53,"column":49}},"type":"binary-expr","locations":[{"start":{"line":53,"column":42},"end":{"line":53,"column":null}},{"start":{"line":53,"column":42},"end":{"line":53,"column":49}}]},"8":{"loc":{"start":{"line":67,"column":17},"end":{"line":67,"column":null}},"type":"cond-expr","locations":[{"start":{"line":67,"column":30},"end":{"line":67,"column":null}},{"start":{"line":67,"column":30},"end":{"line":67,"column":null}}]},"9":{"loc":{"start":{"line":67,"column":17},"end":{"line":67,"column":30}},"type":"binary-expr","locations":[{"start":{"line":67,"column":17},"end":{"line":67,"column":null}},{"start":{"line":67,"column":17},"end":{"line":67,"column":30}}]},"10":{"loc":{"start":{"line":68,"column":5},"end":{"line":68,"column":null}},"type":"cond-expr","locations":[{"start":{"line":68,"column":12},"end":{"line":68,"column":null}},{"start":{"line":68,"column":12},"end":{"line":68,"column":null}}]},"11":{"loc":{"start":{"line":68,"column":5},"end":{"line":68,"column":12}},"type":"binary-expr","locations":[{"start":{"line":68,"column":5},"end":{"line":68,"column":null}},{"start":{"line":68,"column":5},"end":{"line":68,"column":12}}]},"12":{"loc":{"start":{"line":80,"column":41},"end":{"line":80,"column":null}},"type":"cond-expr","locations":[{"start":{"line":80,"column":48},"end":{"line":80,"column":null}},{"start":{"line":80,"column":48},"end":{"line":80,"column":null}}]},"13":{"loc":{"start":{"line":80,"column":41},"end":{"line":80,"column":48}},"type":"binary-expr","locations":[{"start":{"line":80,"column":41},"end":{"line":80,"column":null}},{"start":{"line":80,"column":41},"end":{"line":80,"column":48}}]},"14":{"loc":{"start":{"line":22,"column":45},"end":{"line":22,"column":60}},"type":"cond-expr","locations":[{"start":{"line":22,"column":57},"end":{"line":22,"column":60}},{"start":{"line":22,"column":57},"end":{"line":22,"column":60}}]},"15":{"loc":{"start":{"line":22,"column":45},"end":{"line":22,"column":57}},"type":"binary-expr","locations":[{"start":{"line":22,"column":45},"end":{"line":22,"column":60}},{"start":{"line":22,"column":45},"end":{"line":22,"column":57}}]}},"s":{"0":1,"1":1,"2":1,"3":1,"4":1,"5":1,"6":1,"7":8,"8":2,"9":1,"10":2,"11":1,"12":1,"13":1,"14":1,"15":1,"16":1,"17":1,"18":1,"19":1,"20":1,"21":1},"f":{"0":8,"1":2,"2":1,"3":2,"4":1,"5":1,"6":1},"b":{"0":[1,0],"1":[1,1],"2":[1,0],"3":[1,1],"4":[1,0],"5":[1,1],"6":[1,0],"7":[1,1],"8":[1,0],"9":[1,1],"10":[1,0],"11":[1,1],"12":[1,0],"13":[1,1],"14":[1,0],"15":[1,1]}}
,"/Users/globalhitss/Documents/001JUNIOR/ESTUDOS/python /ExportPlus/exportplus-backend/src/modules/users/dto/create-address.dto.ts": {"path":"/Users/globalhitss/Documents/001JUNIOR/ESTUDOS/python /ExportPlus/exportplus-backend/src/modules/users/dto/create-address.dto.ts","statementMap":{"0":{"start":{"line":1,"column":0},"end":{"line":1,"column":67}},"1":{"start":{"line":3,"column":0},"end":{"line":3,"column":13}},"2":{"start":{"line":6,"column":2},"end":{"line":6,"column":null}},"3":{"start":{"line":10,"column":2},"end":{"line":10,"column":null}},"4":{"start":{"line":14,"column":2},"end":{"line":14,"column":null}},"5":{"start":{"line":18,"column":2},"end":{"line":18,"column":null}},"6":{"start":{"line":22,"column":2},"end":{"line":22,"column":null}},"7":{"start":{"line":26,"column":2},"end":{"line":26,"column":null}},"8":{"start":{"line":30,"column":2},"end":{"line":30,"column":null}}},"fnMap":{},"branchMap":{},"s":{"0":1,"1":1,"2":1,"3":1,"4":1,"5":1,"6":1,"7":1,"8":1},"f":{},"b":{}}
,"/Users/globalhitss/Documents/001JUNIOR/ESTUDOS/python /ExportPlus/exportplus-backend/src/modules/users/dto/create-user.dto.ts": {"path":"/Users/globalhitss/Documents/001JUNIOR/ESTUDOS/python /ExportPlus/exportplus-backend/src/modules/users/dto/create-user.dto.ts","statementMap":{"0":{"start":{"line":1,"column":0},"end":{"line":1,"column":null}},"1":{"start":{"line":11,"column":0},"end":{"line":11,"column":41}},"2":{"start":{"line":12,"column":0},"end":{"line":12,"column":56}},"3":{"start":{"line":14,"column":0},"end":{"line":14,"column":13}},"4":{"start":{"line":18,"column":2},"end":{"line":18,"column":null}},"5":{"start":{"line":23,"column":2},"end":{"line":23,"column":null}},"6":{"start":{"line":26,"column":2},"end":{"line":26,"column":null}},"7":{"start":{"line":30,"column":2},"end":{"line":30,"column":null}},"8":{"start":{"line":37,"column":2},"end":{"line":37,"column":null}},"9":{"start":{"line":43,"column":2},"end":{"line":43,"column":null}},"10":{"start":{"line":42,"column":14},"end":{"line":42,"column":30}}},"fnMap":{"0":{"name":"(anonymous_2)","decl":{"start":{"line":42,"column":8},"end":{"line":42,"column":11}},"loc":{"start":{"line":42,"column":14},"end":{"line":42,"column":30}}}},"branchMap":{},"s":{"0":1,"1":1,"2":1,"3":1,"4":1,"5":1,"6":1,"7":1,"8":1,"9":1,"10":0},"f":{"0":0},"b":{}}
,"/Users/globalhitss/Documents/001JUNIOR/ESTUDOS/python /ExportPlus/exportplus-backend/src/modules/users/dto/update-user.dto.ts": {"path":"/Users/globalhitss/Documents/001JUNIOR/ESTUDOS/python /ExportPlus/exportplus-backend/src/modules/users/dto/update-user.dto.ts","statementMap":{"0":{"start":{"line":1,"column":0},"end":{"line":1,"column":51}},"1":{"start":{"line":2,"column":0},"end":{"line":2,"column":50}},"2":{"start":{"line":4,"column":0},"end":{"line":4,"column":13}}},"fnMap":{},"branchMap":{},"s":{"0":1,"1":1,"2":1},"f":{},"b":{}}
,"/Users/globalhitss/Documents/001JUNIOR/ESTUDOS/python /ExportPlus/exportplus-backend/src/modules/users/entities/address.entity.ts": {"path":"/Users/globalhitss/Documents/001JUNIOR/ESTUDOS/python /ExportPlus/exportplus-backend/src/modules/users/entities/address.entity.ts","statementMap":{"0":{"start":{"line":1,"column":0},"end":{"line":1,"column":46}},"1":{"start":{"line":29,"column":4},"end":{"line":32,"column":7}},"2":{"start":{"line":3,"column":0},"end":{"line":3,"column":13}},"3":{"start":{"line":5,"column":2},"end":{"line":5,"column":null}},"4":{"start":{"line":8,"column":2},"end":{"line":8,"column":null}},"5":{"start":{"line":11,"column":2},"end":{"line":11,"column":null}},"6":{"start":{"line":14,"column":2},"end":{"line":14,"column":null}},"7":{"start":{"line":17,"column":2},"end":{"line":17,"column":null}},"8":{"start":{"line":20,"column":2},"end":{"line":20,"column":null}},"9":{"start":{"line":23,"column":2},"end":{"line":23,"column":null}},"10":{"start":{"line":26,"column":2},"end":{"line":26,"column":null}}},"fnMap":{"0":{"name":"(anonymous_2)","decl":{"start":{"line":28,"column":2},"end":{"line":28,"column":14}},"loc":{"start":{"line":28,"column":45},"end":{"line":33,"column":3}}}},"branchMap":{"0":{"loc":{"start":{"line":31,"column":19},"end":{"line":31,"column":51}},"type":"binary-expr","locations":[{"start":{"line":31,"column":19},"end":{"line":31,"column":38}},{"start":{"line":31,"column":42},"end":{"line":31,"column":51}}]}},"s":{"0":2,"1":3,"2":2,"3":2,"4":2,"5":2,"6":2,"7":2,"8":2,"9":2,"10":2},"f":{"0":3},"b":{"0":[3,3]}}
,"/Users/globalhitss/Documents/001JUNIOR/ESTUDOS/python /ExportPlus/exportplus-backend/src/modules/users/entities/user.entity.ts": {"path":"/Users/globalhitss/Documents/001JUNIOR/ESTUDOS/python /ExportPlus/exportplus-backend/src/modules/users/entities/user.entity.ts","statementMap":{"0":{"start":{"line":1,"column":0},"end":{"line":1,"column":46}},"1":{"start":{"line":2,"column":0},"end":{"line":2,"column":49}},"2":{"start":{"line":27,"column":4},"end":{"line":32,"column":7}},"3":{"start":{"line":4,"column":0},"end":{"line":4,"column":13}},"4":{"start":{"line":6,"column":2},"end":{"line":6,"column":null}},"5":{"start":{"line":9,"column":2},"end":{"line":9,"column":null}},"6":{"start":{"line":12,"column":2},"end":{"line":12,"column":null}},"7":{"start":{"line":15,"column":2},"end":{"line":15,"column":null}},"8":{"start":{"line":18,"column":2},"end":{"line":18,"column":null}},"9":{"start":{"line":21,"column":2},"end":{"line":21,"column":null}},"10":{"start":{"line":24,"column":2},"end":{"line":24,"column":null}}},"fnMap":{"0":{"name":"(anonymous_2)","decl":{"start":{"line":26,"column":2},"end":{"line":26,"column":14}},"loc":{"start":{"line":26,"column":42},"end":{"line":33,"column":3}}}},"branchMap":{"0":{"loc":{"start":{"line":29,"column":13},"end":{"line":29,"column":39}},"type":"binary-expr","locations":[{"start":{"line":29,"column":13},"end":{"line":29,"column":26}},{"start":{"line":29,"column":30},"end":{"line":29,"column":39}}]},"1":{"loc":{"start":{"line":30,"column":16},"end":{"line":30,"column":45}},"type":"binary-expr","locations":[{"start":{"line":30,"column":16},"end":{"line":30,"column":32}},{"start":{"line":30,"column":36},"end":{"line":30,"column":45}}]},"2":{"loc":{"start":{"line":31,"column":13},"end":{"line":31,"column":39}},"type":"binary-expr","locations":[{"start":{"line":31,"column":13},"end":{"line":31,"column":26}},{"start":{"line":31,"column":30},"end":{"line":31,"column":39}}]}},"s":{"0":2,"1":2,"2":3,"3":2,"4":2,"5":2,"6":2,"7":2,"8":2,"9":2,"10":2},"f":{"0":3},"b":{"0":[3,0],"1":[3,0],"2":[3,0]}}
,"/Users/globalhitss/Documents/001JUNIOR/ESTUDOS/python /ExportPlus/exportplus-backend/src/modules/users/services/users.service.ts": {"path":"/Users/globalhitss/Documents/001JUNIOR/ESTUDOS/python /ExportPlus/exportplus-backend/src/modules/users/services/users.service.ts","statementMap":{"0":{"start":{"line":1,"column":0},"end":{"line":1,"column":null}},"1":{"start":{"line":6,"column":0},"end":{"line":6,"column":63}},"2":{"start":{"line":9,"column":0},"end":{"line":9,"column":53}},"3":{"start":{"line":10,"column":0},"end":{"line":10,"column":59}},"4":{"start":{"line":13,"column":7},"end":{"line":212,"column":null}},"5":{"start":{"line":14,"column":31},"end":{"line":14,"column":39}},"6":{"start":{"line":20,"column":23},"end":{"line":22,"column":6}},"7":{"start":{"line":24,"column":4},"end":{"line":26,"column":5}},"8":{"start":{"line":25,"column":6},"end":{"line":25,"column":58}},"9":{"start":{"line":29,"column":22},"end":{"line":29,"column":35}},"10":{"start":{"line":30,"column":30},"end":{"line":30,"column":66}},"11":{"start":{"line":31,"column":4},"end":{"line":35,"column":5}},"12":{"start":{"line":32,"column":6},"end":{"line":34,"column":8}},"13":{"start":{"line":37,"column":20},"end":{"line":57,"column":6}},"14":{"start":{"line":45,"column":44},"end":{"line":53,"column":12}},"15":{"start":{"line":59,"column":4},"end":{"line":62,"column":7}},"16":{"start":{"line":61,"column":47},"end":{"line":61,"column":67}},"17":{"start":{"line":69,"column":21},"end":{"line":72,"column":6}},"18":{"start":{"line":74,"column":4},"end":{"line":74,"column":74}},"19":{"start":{"line":74,"column":19},"end":{"line":74,"column":74}},"20":{"start":{"line":77,"column":60},"end":{"line":77,"column":62}},"21":{"start":{"line":78,"column":4},"end":{"line":82,"column":5}},"22":{"start":{"line":79,"column":6},"end":{"line":81,"column":7}},"23":{"start":{"line":80,"column":8},"end":{"line":80,"column":61}},"24":{"start":{"line":85,"column":20},"end":{"line":105,"column":6}},"25":{"start":{"line":92,"column":48},"end":{"line":100,"column":16}},"26":{"start":{"line":108,"column":4},"end":{"line":110,"column":5}},"27":{"start":{"line":109,"column":6},"end":{"line":109,"column":52}},"28":{"start":{"line":112,"column":4},"end":{"line":115,"column":7}},"29":{"start":{"line":114,"column":47},"end":{"line":114,"column":67}},"30":{"start":{"line":122,"column":18},"end":{"line":124,"column":6}},"31":{"start":{"line":125,"column":4},"end":{"line":128,"column":8}},"32":{"start":{"line":125,"column":28},"end":{"line":128,"column":6}},"33":{"start":{"line":127,"column":41},"end":{"line":127,"column":61}},"34":{"start":{"line":135,"column":17},"end":{"line":138,"column":6}},"35":{"start":{"line":139,"column":4},"end":{"line":139,"column":70}},"36":{"start":{"line":139,"column":15},"end":{"line":139,"column":70}},"37":{"start":{"line":140,"column":4},"end":{"line":143,"column":7}},"38":{"start":{"line":142,"column":44},"end":{"line":142,"column":64}},"39":{"start":{"line":150,"column":21},"end":{"line":150,"column":75}},"40":{"start":{"line":151,"column":4},"end":{"line":151,"column":74}},"41":{"start":{"line":151,"column":19},"end":{"line":151,"column":74}},"42":{"start":{"line":152,"column":4},"end":{"line":152,"column":74}},"43":{"start":{"line":153,"column":4},"end":{"line":153,"column":55}},"44":{"start":{"line":168,"column":22},"end":{"line":175,"column":6}},"45":{"start":{"line":176,"column":4},"end":{"line":178,"column":5}},"46":{"start":{"line":177,"column":6},"end":{"line":177,"column":81}},"47":{"start":{"line":180,"column":4},"end":{"line":182,"column":7}},"48":{"start":{"line":189,"column":19},"end":{"line":189,"column":28}},"49":{"start":{"line":190,"column":4},"end":{"line":194,"column":5}},"50":{"start":{"line":191,"column":20},"end":{"line":191,"column":58}},"51":{"start":{"line":192,"column":6},"end":{"line":192,"column":38}},"52":{"start":{"line":192,"column":29},"end":{"line":192,"column":38}},"53":{"start":{"line":193,"column":6},"end":{"line":193,"column":24}},"54":{"start":{"line":195,"column":4},"end":{"line":195,"column":16}},"55":{"start":{"line":205,"column":4},"end":{"line":210,"column":7}},"56":{"start":{"line":13,"column":13},"end":{"line":13,"column":25}},"57":{"start":{"line":13,"column":13},"end":{"line":212,"column":null}}},"fnMap":{"0":{"name":"(anonymous_2)","decl":{"start":{"line":14,"column":2},"end":{"line":14,"column":31}},"loc":{"start":{"line":14,"column":52},"end":{"line":14,"column":56}}},"1":{"name":"(anonymous_3)","decl":{"start":{"line":19,"column":2},"end":{"line":19,"column":7}},"loc":{"start":{"line":19,"column":33},"end":{"line":63,"column":3}}},"2":{"name":"(anonymous_4)","decl":{"start":{"line":45,"column":36},"end":{"line":45,"column":37}},"loc":{"start":{"line":45,"column":44},"end":{"line":53,"column":12}}},"3":{"name":"(anonymous_5)","decl":{"start":{"line":61,"column":40},"end":{"line":61,"column":41}},"loc":{"start":{"line":61,"column":47},"end":{"line":61,"column":67}}},"4":{"name":"(anonymous_6)","decl":{"start":{"line":68,"column":2},"end":{"line":68,"column":7}},"loc":{"start":{"line":68,"column":45},"end":{"line":116,"column":3}}},"5":{"name":"(anonymous_7)","decl":{"start":{"line":92,"column":40},"end":{"line":92,"column":41}},"loc":{"start":{"line":92,"column":48},"end":{"line":100,"column":16}}},"6":{"name":"(anonymous_8)","decl":{"start":{"line":114,"column":40},"end":{"line":114,"column":41}},"loc":{"start":{"line":114,"column":47},"end":{"line":114,"column":67}}},"7":{"name":"(anonymous_9)","decl":{"start":{"line":121,"column":2},"end":{"line":121,"column":7}},"loc":{"start":{"line":121,"column":15},"end":{"line":129,"column":3}}},"8":{"name":"(anonymous_10)","decl":{"start":{"line":125,"column":21},"end":{"line":125,"column":22}},"loc":{"start":{"line":125,"column":28},"end":{"line":128,"column":6}}},"9":{"name":"(anonymous_11)","decl":{"start":{"line":127,"column":34},"end":{"line":127,"column":35}},"loc":{"start":{"line":127,"column":41},"end":{"line":127,"column":61}}},"10":{"name":"(anonymous_12)","decl":{"start":{"line":134,"column":2},"end":{"line":134,"column":7}},"loc":{"start":{"line":134,"column":26},"end":{"line":144,"column":3}}},"11":{"name":"(anonymous_13)","decl":{"start":{"line":142,"column":37},"end":{"line":142,"column":38}},"loc":{"start":{"line":142,"column":44},"end":{"line":142,"column":64}}},"12":{"name":"(anonymous_14)","decl":{"start":{"line":149,"column":2},"end":{"line":149,"column":7}},"loc":{"start":{"line":149,"column":25},"end":{"line":154,"column":3}}},"13":{"name":"(anonymous_15)","decl":{"start":{"line":159,"column":2},"end":{"line":159,"column":7}},"loc":{"start":{"line":167,"column":3},"end":{"line":183,"column":3}}},"14":{"name":"(anonymous_16)","decl":{"start":{"line":188,"column":10},"end":{"line":188,"column":30}},"loc":{"start":{"line":188,"column":47},"end":{"line":196,"column":3}}},"15":{"name":"(anonymous_17)","decl":{"start":{"line":201,"column":10},"end":{"line":201,"column":15}},"loc":{"start":{"line":203,"column":51},"end":{"line":211,"column":3}}}},"branchMap":{"0":{"loc":{"start":{"line":24,"column":4},"end":{"line":26,"column":5}},"type":"if","locations":[{"start":{"line":24,"column":4},"end":{"line":26,"column":5}},{"start":{},"end":{}}]},"1":{"loc":{"start":{"line":31,"column":4},"end":{"line":35,"column":5}},"type":"if","locations":[{"start":{"line":31,"column":4},"end":{"line":35,"column":5}},{"start":{},"end":{}}]},"2":{"loc":{"start":{"line":74,"column":4},"end":{"line":74,"column":74}},"type":"if","locations":[{"start":{"line":74,"column":4},"end":{"line":74,"column":74}},{"start":{},"end":{}}]},"3":{"loc":{"start":{"line":79,"column":6},"end":{"line":81,"column":7}},"type":"if","locations":[{"start":{"line":79,"column":6},"end":{"line":81,"column":7}},{"start":{},"end":{}}]},"4":{"loc":{"start":{"line":79,"column":10},"end":{"line":79,"column":48}},"type":"binary-expr","locations":[{"start":{"line":79,"column":10},"end":{"line":79,"column":18}},{"start":{"line":79,"column":22},"end":{"line":79,"column":48}}]},"5":{"loc":{"start":{"line":89,"column":19},"end":{"line":102,"column":21}},"type":"cond-expr","locations":[{"start":{"line":90,"column":12},"end":{"line":101,"column":null}},{"start":{"line":102,"column":12},"end":{"line":102,"column":21}}]},"6":{"loc":{"start":{"line":108,"column":4},"end":{"line":110,"column":5}},"type":"if","locations":[{"start":{"line":108,"column":4},"end":{"line":110,"column":5}},{"start":{},"end":{}}]},"7":{"loc":{"start":{"line":139,"column":4},"end":{"line":139,"column":70}},"type":"if","locations":[{"start":{"line":139,"column":4},"end":{"line":139,"column":70}},{"start":{},"end":{}}]},"8":{"loc":{"start":{"line":151,"column":4},"end":{"line":151,"column":74}},"type":"if","locations":[{"start":{"line":151,"column":4},"end":{"line":151,"column":74}},{"start":{},"end":{}}]},"9":{"loc":{"start":{"line":176,"column":4},"end":{"line":178,"column":5}},"type":"if","locations":[{"start":{"line":176,"column":4},"end":{"line":178,"column":5}},{"start":{},"end":{}}]},"10":{"loc":{"start":{"line":192,"column":6},"end":{"line":192,"column":38}},"type":"if","locations":[{"start":{"line":192,"column":6},"end":{"line":192,"column":38}},{"start":{},"end":{}}]},"11":{"loc":{"start":{"line":14,"column":39},"end":{"line":14,"column":55}},"type":"cond-expr","locations":[{"start":{"line":14,"column":52},"end":{"line":14,"column":55}},{"start":{"line":14,"column":52},"end":{"line":14,"column":55}}]},"12":{"loc":{"start":{"line":14,"column":39},"end":{"line":14,"column":52}},"type":"binary-expr","locations":[{"start":{"line":14,"column":39},"end":{"line":14,"column":55}},{"start":{"line":14,"column":39},"end":{"line":14,"column":52}}]}},"s":{"0":2,"1":2,"2":2,"3":2,"4":2,"5":16,"6":6,"7":6,"8":1,"9":5,"10":5,"11":5,"12":1,"13":4,"14":4,"15":1,"16":1,"17":1,"18":1,"19":1,"20":0,"21":0,"22":0,"23":0,"24":0,"25":0,"26":0,"27":0,"28":0,"29":0,"30":2,"31":2,"32":1,"33":1,"34":2,"35":2,"36":1,"37":1,"38":1,"39":2,"40":2,"41":1,"42":1,"43":1,"44":2,"45":2,"46":1,"47":1,"48":5,"49":5,"50":6,"51":6,"52":1,"53":5,"54":4,"55":0,"56":2,"57":2},"f":{"0":16,"1":6,"2":4,"3":1,"4":1,"5":0,"6":0,"7":2,"8":1,"9":1,"10":2,"11":1,"12":2,"13":2,"14":5,"15":0},"b":{"0":[1,5],"1":[1,4],"2":[1,0],"3":[0,0],"4":[0,0],"5":[0,0],"6":[0,0],"7":[1,1],"8":[1,1],"9":[1,1],"10":[1,5],"11":[2,0],"12":[2,2]}}
,"/Users/globalhitss/Documents/001JUNIOR/ESTUDOS/python /ExportPlus/exportplus-backend/src/prisma/prisma.module.ts": {"path":"/Users/globalhitss/Documents/001JUNIOR/ESTUDOS/python /ExportPlus/exportplus-backend/src/prisma/prisma.module.ts","statementMap":{"0":{"start":{"line":1,"column":0},"end":{"line":1,"column":48}},"1":{"start":{"line":2,"column":0},"end":{"line":2,"column":49}},"2":{"start":{"line":9,"column":7},"end":{"line":9,"column":null}},"3":{"start":{"line":9,"column":13},"end":{"line":9,"column":25}},"4":{"start":{"line":9,"column":13},"end":{"line":9,"column":null}}},"fnMap":{},"branchMap":{},"s":{"0":0,"1":0,"2":0,"3":0,"4":0},"f":{},"b":{}}
,"/Users/globalhitss/Documents/001JUNIOR/ESTUDOS/python /ExportPlus/exportplus-backend/src/prisma/prisma.service.ts": {"path":"/Users/globalhitss/Documents/001JUNIOR/ESTUDOS/python /ExportPlus/exportplus-backend/src/prisma/prisma.service.ts","statementMap":{"0":{"start":{"line":1,"column":0},"end":{"line":1,"column":75}},"1":{"start":{"line":2,"column":0},"end":{"line":2,"column":46}},"2":{"start":{"line":5,"column":7},"end":{"line":17,"column":null}},"3":{"start":{"line":7,"column":4},"end":{"line":7,"column":12}},"4":{"start":{"line":11,"column":4},"end":{"line":11,"column":26}},"5":{"start":{"line":15,"column":4},"end":{"line":15,"column":29}},"6":{"start":{"line":5,"column":13},"end":{"line":5,"column":26}},"7":{"start":{"line":5,"column":13},"end":{"line":17,"column":null}}},"fnMap":{"0":{"name":"(anonymous_2)","decl":{"start":{"line":6,"column":2},"end":{"line":6,"column":null}},"loc":{"start":{"line":6,"column":2},"end":{"line":8,"column":3}}},"1":{"name":"(anonymous_3)","decl":{"start":{"line":10,"column":2},"end":{"line":10,"column":7}},"loc":{"start":{"line":10,"column":20},"end":{"line":12,"column":3}}},"2":{"name":"(anonymous_4)","decl":{"start":{"line":14,"column":2},"end":{"line":14,"column":7}},"loc":{"start":{"line":14,"column":23},"end":{"line":16,"column":3}}}},"branchMap":{},"s":{"0":2,"1":2,"2":2,"3":0,"4":0,"5":0,"6":2,"7":2},"f":{"0":0,"1":0,"2":0},"b":{}}
}
