TN:
SF:src/app.controller.ts
FN:6,(anonymous_2)
FN:9,(anonymous_3)
FNF:2
FNH:2
FNDA:1,(anonymous_2)
FNDA:1,(anonymous_3)
DA:1,1
DA:2,1
DA:5,1
DA:6,1
DA:9,1
DA:10,1
LF:6
LH:6
BRDA:6,0,0,1
BRDA:6,0,1,0
BRDA:6,1,0,1
BRDA:6,1,1,1
BRF:4
BRH:3
end_of_record
TN:
SF:src/app.module.ts
FNF:0
FNH:0
DA:1,0
DA:2,0
DA:3,0
DA:4,0
DA:5,0
DA:12,0
LF:6
LH:0
BRF:0
BRH:0
end_of_record
TN:
SF:src/app.service.ts
FN:5,(anonymous_1)
FNF:1
FNH:1
FNDA:1,(anonymous_1)
DA:1,1
DA:4,1
DA:6,1
LF:3
LH:3
BRF:0
BRH:0
end_of_record
TN:
SF:src/main.ts
FN:7,bootstrap
FNF:1
FNH:0
FNDA:0,bootstrap
DA:1,0
DA:2,0
DA:3,0
DA:4,0
DA:5,0
DA:8,0
DA:10,0
DA:18,0
DA:21,0
DA:27,0
DA:28,0
DA:30,0
DA:32,0
LF:13
LH:0
BRF:0
BRH:0
end_of_record
TN:
SF:src/common/logging.interceptor.ts
FN:12,(anonymous_1)
FN:18,(anonymous_2)
FNF:2
FNH:0
FNDA:0,(anonymous_1)
FNDA:0,(anonymous_2)
DA:1,0
DA:7,0
DA:8,0
DA:11,0
DA:13,0
DA:14,0
DA:15,0
DA:17,0
DA:19,0
DA:20,0
DA:21,0
DA:22,0
LF:12
LH:0
BRF:0
BRH:0
end_of_record
TN:
SF:src/modules/users/users.module.ts
FNF:0
FNH:0
DA:1,0
DA:2,0
DA:3,0
DA:4,0
DA:12,0
LF:5
LH:0
BRF:0
BRH:0
end_of_record
TN:
SF:src/modules/users/controllers/users.controller.ts
FN:22,(anonymous_4)
FN:32,(anonymous_5)
FN:42,(anonymous_6)
FN:53,(anonymous_7)
FN:65,(anonymous_8)
FN:80,(anonymous_9)
FN:105,(anonymous_10)
FNF:7
FNH:7
FNDA:8,(anonymous_4)
FNDA:2,(anonymous_5)
FNDA:1,(anonymous_6)
FNDA:2,(anonymous_7)
FNDA:1,(anonymous_8)
FNDA:1,(anonymous_9)
FNDA:1,(anonymous_10)
DA:1,1
DA:13,1
DA:14,1
DA:15,1
DA:16,1
DA:17,1
DA:21,1
DA:22,8
DA:32,1
DA:33,2
DA:42,1
DA:43,1
DA:53,1
DA:54,2
DA:65,1
DA:69,1
DA:80,1
DA:81,1
DA:105,1
DA:106,1
LF:20
LH:20
BRDA:32,0,0,1
BRDA:32,0,1,0
BRDA:32,1,0,1
BRDA:32,1,1,1
BRDA:32,2,0,1
BRDA:32,2,1,0
BRDA:32,3,0,1
BRDA:32,3,1,1
BRDA:42,4,0,1
BRDA:42,4,1,0
BRDA:42,5,0,1
BRDA:42,5,1,1
BRDA:53,6,0,1
BRDA:53,6,1,0
BRDA:53,7,0,1
BRDA:53,7,1,1
BRDA:67,8,0,1
BRDA:67,8,1,0
BRDA:67,9,0,1
BRDA:67,9,1,1
BRDA:68,10,0,1
BRDA:68,10,1,0
BRDA:68,11,0,1
BRDA:68,11,1,1
BRDA:80,12,0,1
BRDA:80,12,1,0
BRDA:80,13,0,1
BRDA:80,13,1,1
BRDA:22,14,0,1
BRDA:22,14,1,0
BRDA:22,15,0,1
BRDA:22,15,1,1
BRF:32
BRH:24
end_of_record
TN:
SF:src/modules/users/dto/create-address.dto.ts
FNF:0
FNH:0
DA:1,1
DA:3,1
DA:6,1
DA:10,1
DA:14,1
DA:18,1
DA:22,1
DA:26,1
DA:30,1
LF:9
LH:9
BRF:0
BRH:0
end_of_record
TN:
SF:src/modules/users/dto/create-user.dto.ts
FN:42,(anonymous_2)
FNF:1
FNH:0
FNDA:0,(anonymous_2)
DA:1,1
DA:11,1
DA:12,1
DA:14,1
DA:18,1
DA:23,1
DA:26,1
DA:30,1
DA:37,1
DA:42,0
DA:43,1
LF:11
LH:10
BRF:0
BRH:0
end_of_record
TN:
SF:src/modules/users/dto/update-user.dto.ts
FNF:0
FNH:0
DA:1,1
DA:2,1
DA:4,1
LF:3
LH:3
BRF:0
BRH:0
end_of_record
TN:
SF:src/modules/users/entities/address.entity.ts
FN:28,(anonymous_2)
FNF:1
FNH:1
FNDA:3,(anonymous_2)
DA:1,2
DA:3,2
DA:5,2
DA:8,2
DA:11,2
DA:14,2
DA:17,2
DA:20,2
DA:23,2
DA:26,2
DA:29,3
LF:11
LH:11
BRDA:31,0,0,3
BRDA:31,0,1,3
BRF:2
BRH:2
end_of_record
TN:
SF:src/modules/users/entities/user.entity.ts
FN:26,(anonymous_2)
FNF:1
FNH:1
FNDA:3,(anonymous_2)
DA:1,2
DA:2,2
DA:4,2
DA:6,2
DA:9,2
DA:12,2
DA:15,2
DA:18,2
DA:21,2
DA:24,2
DA:27,3
LF:11
LH:11
BRDA:29,0,0,3
BRDA:29,0,1,0
BRDA:30,1,0,3
BRDA:30,1,1,0
BRDA:31,2,0,3
BRDA:31,2,1,0
BRF:6
BRH:3
end_of_record
TN:
SF:src/modules/users/services/users.service.ts
FN:14,(anonymous_2)
FN:19,(anonymous_3)
FN:45,(anonymous_4)
FN:61,(anonymous_5)
FN:68,(anonymous_6)
FN:92,(anonymous_7)
FN:114,(anonymous_8)
FN:121,(anonymous_9)
FN:125,(anonymous_10)
FN:127,(anonymous_11)
FN:134,(anonymous_12)
FN:142,(anonymous_13)
FN:149,(anonymous_14)
FN:159,(anonymous_15)
FN:188,(anonymous_16)
FN:201,(anonymous_17)
FNF:16
FNH:13
FNDA:16,(anonymous_2)
FNDA:6,(anonymous_3)
FNDA:4,(anonymous_4)
FNDA:1,(anonymous_5)
FNDA:1,(anonymous_6)
FNDA:0,(anonymous_7)
FNDA:0,(anonymous_8)
FNDA:2,(anonymous_9)
FNDA:1,(anonymous_10)
FNDA:1,(anonymous_11)
FNDA:2,(anonymous_12)
FNDA:1,(anonymous_13)
FNDA:2,(anonymous_14)
FNDA:2,(anonymous_15)
FNDA:5,(anonymous_16)
FNDA:0,(anonymous_17)
DA:1,2
DA:6,2
DA:9,2
DA:10,2
DA:13,2
DA:14,16
DA:20,6
DA:24,6
DA:25,1
DA:29,5
DA:30,5
DA:31,5
DA:32,1
DA:37,4
DA:45,4
DA:59,1
DA:61,1
DA:69,1
DA:74,1
DA:77,0
DA:78,0
DA:79,0
DA:80,0
DA:85,0
DA:92,0
DA:108,0
DA:109,0
DA:112,0
DA:114,0
DA:122,2
DA:125,2
DA:127,1
DA:135,2
DA:139,2
DA:140,1
DA:142,1
DA:150,2
DA:151,2
DA:152,1
DA:153,1
DA:168,2
DA:176,2
DA:177,1
DA:180,1
DA:189,5
DA:190,5
DA:191,6
DA:192,6
DA:193,5
DA:195,4
DA:205,0
LF:51
LH:40
BRDA:24,0,0,1
BRDA:24,0,1,5
BRDA:31,1,0,1
BRDA:31,1,1,4
BRDA:74,2,0,1
BRDA:74,2,1,0
BRDA:79,3,0,0
BRDA:79,3,1,0
BRDA:79,4,0,0
BRDA:79,4,1,0
BRDA:89,5,0,0
BRDA:89,5,1,0
BRDA:108,6,0,0
BRDA:108,6,1,0
BRDA:139,7,0,1
BRDA:139,7,1,1
BRDA:151,8,0,1
BRDA:151,8,1,1
BRDA:176,9,0,1
BRDA:176,9,1,1
BRDA:192,10,0,1
BRDA:192,10,1,5
BRDA:14,11,0,2
BRDA:14,11,1,0
BRDA:14,12,0,2
BRDA:14,12,1,2
BRF:26
BRH:16
end_of_record
TN:
SF:src/prisma/prisma.module.ts
FNF:0
FNH:0
DA:1,0
DA:2,0
DA:9,0
LF:3
LH:0
BRF:0
BRH:0
end_of_record
TN:
SF:src/prisma/prisma.service.ts
FN:6,(anonymous_2)
FN:10,(anonymous_3)
FN:14,(anonymous_4)
FNF:3
FNH:0
FNDA:0,(anonymous_2)
FNDA:0,(anonymous_3)
FNDA:0,(anonymous_4)
DA:1,2
DA:2,2
DA:5,2
DA:7,0
DA:11,0
DA:15,0
LF:6
LH:3
BRF:0
BRH:0
end_of_record
